2017-02-11 13:47:45,056 [      0]   INFO -        #com.intellij.idea.Main - ------------------------------------------------------ IDE STARTED ------------------------------------------------------ 
2017-02-11 13:47:45,057 [      1]   INFO -        #com.intellij.idea.Main - IDE: PhpStorm (build #PS-163.10504.2, 20 Dec 2016 07:35) 
2017-02-11 13:47:45,057 [      1]   INFO -        #com.intellij.idea.Main - OS: Mac OS X (10.11.6, x86_64) 
2017-02-11 13:47:45,057 [      1]   INFO -        #com.intellij.idea.Main - JRE: 1.8.0_112-release-408-b6 (JetBrains s.r.o) 
2017-02-11 13:47:45,057 [      1]   INFO -        #com.intellij.idea.Main - JVM: 25.112-b6 (OpenJDK 64-Bit Server VM) 
2017-02-11 13:47:45,068 [     12]   INFO -        #com.intellij.idea.Main - JVM Args: -Dfile.encoding=UTF-8 -XX:+UseConcMarkSweepGC -XX:SoftRefLRUPolicyMSPerMB=50 -ea -Dsun.io.useCanonCaches=false -Djava.net.preferIPv4Stack=true -XX:+HeapDumpOnOutOfMemoryError -XX:-OmitStackTraceInFastThrow -Xverify:none -XX:ErrorFile=/Users/tomas/java_error_in_phpstorm_%p.log -XX:HeapDumpPath=/Users/tomas/java_error_in_phpstorm.hprof -Xbootclasspath/a:../lib/boot.jar -Xms128m -Xmx750m -XX:ReservedCodeCacheSize=240m -XX:+UseCompressedOops -Djb.vmOptionsFile=/Applications/PhpStorm.app/Contents/bin/phpstorm.vmoptions -Didea.java.redist=jdk-bundled -Didea.home.path=/Applications/PhpStorm.app/Contents -Didea.executable=phpstorm -Didea.platform.prefix=PhpStorm -Didea.paths.selector=PhpStorm2016.3 
2017-02-11 13:47:45,068 [     12]   INFO -        #com.intellij.idea.Main - ext: /Applications/PhpStorm.app/Contents/jdk/Contents/Home/jre/lib/ext: [cldrdata.jar, dnsns.jar, jaccess.jar, jfxrt.jar, localedata.jar, meta-index, nashorn.jar, sunec.jar, sunjce_provider.jar, sunpkcs11.jar, zipfs.jar] 
2017-02-11 13:47:45,069 [     13]   INFO -        #com.intellij.idea.Main - ext: /System/Library/Java/Extensions: [MRJToolkit.jar] 
2017-02-11 13:47:45,069 [     13]   INFO -        #com.intellij.idea.Main - JNU charset: UTF-8 
2017-02-11 13:47:45,085 [     29]   INFO -        #com.intellij.idea.Main - JNA library (64-bit) loaded in 16 ms 
2017-02-11 13:47:45,110 [     54]   INFO -        #com.intellij.idea.Main - initializing environment 
2017-02-11 13:47:45,111 [     55]   INFO - .intellij.util.EnvironmentUtil - loading shell env: /bin/bash -l -i -c '/Applications/PhpStorm.app/Contents/bin/printenv.py' '/private/var/folders/_4/354dntzn3jjbhrdgl1w8blcc0000gn/T/intellij-shell-env.tmp' 
2017-02-11 13:47:45,231 [    175]   INFO - .intellij.util.EnvironmentUtil - shell environment loaded (13 vars) 
2017-02-11 13:47:45,232 [    176]   INFO - .intellij.util.EnvironmentUtil - LC_CTYPE=en_US.UTF-8 
2017-02-11 13:47:55,234 [  10178]   INFO - llij.ide.plugins.PluginManager - Cannot find optional descriptor js-nashorn-support.xml 
2017-02-11 13:47:55,272 [  10216]   INFO - llij.ide.plugins.PluginManager - Cannot find optional descriptor plugin-intelliLang.xml 
2017-02-11 13:47:55,437 [  10381]   INFO - llij.ide.plugins.PluginManager - Cannot find optional descriptor uml-properties-support.xml 
2017-02-11 13:47:55,439 [  10383]   INFO - llij.ide.plugins.PluginManager - Cannot find optional descriptor uml-java-support.xml 
2017-02-11 13:47:55,818 [  10762]   INFO - llij.ide.plugins.PluginManager - 60 plugins initialized in 994 ms 
2017-02-11 13:47:55,820 [  10764]   INFO - llij.ide.plugins.PluginManager - Loaded bundled plugins: ASP (0.1), AngularJS (163.10504.2), Apache config (.htaccess) support (999.999), Behat Support (999.999), Blade Support (999.999), CSS Support (163.10504.2), CVS Integration (11), CoffeeScript (2.0), Command Line Tool Support (999.999), Copyright (8.1), Database Tools and SQL (1.0), Docker integration (2.4.1), Drupal Support (999.999), File Watchers (163.10504.2), GNU GetText files support (*.po) (136.SNAPSHOT), Gherkin (999.999), Git Integration (8.1), GitHub (163.10504.2), Google App Engine Support for PHP (999.999), HAML (163.10504.2), HTML Tools (2.0), IDEA CORE (163.10504.2), Ini4Idea (999.999), IntelliLang (8.0), JavaScript Debugger (1.0), JavaScript Intention Power Pack (0.9.4), JavaScript Support (1.0), Joomla! Support (999.999), LESS support (163.10504.2), Markdown support (VERSION), NodeJS (163.10504.2), PHP (999.999), PHP Docker (999.999), PHP Remote Interpreter (999.999), PHPSpec BDD Framework (999.999), Perforce Integration (2.0), Performance Testing (999.999), Phing Support (999.999), QuirksMode (163.10504.2), REST Client (163.10504.2), ReStructuredText Support (136.SNAPSHOT), Refactor-X (2.01), Remote Hosts Access (0.1), SASS support (163.10504.2), SSH Remote Run (0.1), Settings Repository (163.10504.2), Subversion Integration (1.1), Task Management (1.0), Terminal (0.1), TextMate bundles support (163.10504.2), Time Tracking (1.0), Twig Support (999.999), UML Support (1.0), Vagrant (0.6.VERSION), W3C Validators (2.0), WordPress Support (999.999), XPathView + XSLT Support (4), XSLT-Debugger (1.4), YAML (163.10504.2), hg4idea (10.0) 
2017-02-11 13:47:56,328 [  11272]   INFO - ellij.vfs.persistent.FSRecords - Marking VFS as corrupted: '/Users/tomas/Library/Caches/PhpStorm2016.3/caches/names.dat' does not exist 
2017-02-11 13:47:56,329 [  11273]   INFO - ellij.util.io.PagedFileStorage - lower=100; upper=500; buffer=10; max=705 
2017-02-11 13:47:56,363 [  11307]   INFO - pl.local.NativeFileWatcherImpl - Starting file watcher: /Applications/PhpStorm.app/Contents/bin/fsnotifier 
2017-02-11 13:47:56,381 [  11325]   INFO - pl.local.NativeFileWatcherImpl - Native file watcher is operational. 
2017-02-11 13:47:56,909 [  11853]   INFO - .history.utils.LocalHistoryLog - local history version mismatch (was: 0, expected: 6), rebuilding... 
2017-02-11 13:47:56,909 [  11853]   INFO - .history.utils.LocalHistoryLog - FS has been rebuild, rebuilding local history... 
2017-02-11 13:47:57,479 [  12423]   INFO - rains.ide.BuiltInServerManager - built-in server started, port 63342 
2017-02-11 13:47:57,572 [  12516]   INFO - gs.impl.UpdateCheckerComponent - channel: release 
2017-02-11 13:47:57,766 [  12710]   INFO - il.indexing.FileBasedIndexImpl - Index exts enumerated:81 
2017-02-11 13:47:57,772 [  12716]   INFO - il.indexing.FileBasedIndexImpl - Index scheduled:5 
2017-02-11 13:47:57,851 [  12795]   INFO - tellij.psi.stubs.StubIndexImpl - All stub exts enumerated:72 
2017-02-11 13:47:57,851 [  12795]   INFO - tellij.psi.stubs.StubIndexImpl - stub exts update scheduled:0 
2017-02-11 13:47:57,906 [  12850]   INFO - j.ide.script.IdeStartupScripts - 0 startup script(s) found 
2017-02-11 13:47:58,077 [  13021]   INFO - plication.impl.ApplicationImpl - 82 application components initialized in 3256ms 
2017-02-11 13:47:58,102 [  13046]   INFO - .intellij.idea.IdeaApplication - App initialization took 86306 ms 
2017-02-11 13:47:58,217 [  13161]   INFO - ij.psi.stubs.StubUpdatingIndex - Following new file types will be indexed:HTML,Flow,CSS,ECMAScript 6,Literate CoffeeScript,Ini,ActionScript,Twig,JSX Harmony,htaccess,JavaScript,XML,Sass,SQL,TypeScript,Less,PHP,CoffeeScript,TypeScript JSX,SCSS 
2017-02-11 13:47:58,836 [  13780]   INFO - pl$FileIndexDataInitialization - Initialization done:1063 
2017-02-11 13:47:59,377 [  14321]   INFO - exImpl$StubIndexInitialization - Initialization done:541 
2017-02-11 13:47:59,552 [  14496]   INFO - ellij.project.impl.ProjectImpl - 20 project components initialized in 528 ms 
2017-02-11 13:47:59,552 [  14496]   INFO - .openapi.application.Preloader - Finished preloading com.intellij.openapi.actionSystem.impl.ActionPreloader@6be8132a 
2017-02-11 13:47:59,553 [  14497]   INFO - le.impl.ModuleManagerComponent - 0 module(s) loaded in 0 ms 
2017-02-11 13:48:00,296 [  15240]   INFO - .openapi.application.Preloader - Finished preloading com.intellij.ide.ui.search.SearchableOptionPreloader@9674936 
2017-02-11 13:48:00,624 [  15568]   INFO - .openapi.application.Preloader - Finished preloading com.intellij.codeInsight.completion.CompletionPreloader@582597bd 
2017-02-11 13:48:05,779 [  20723]   INFO - ction.BrowserConnectionManager - Browser connected: version 2.0.9, Mozilla/5.0 (Macintosh; Intel Mac OS X 10_11_6) AppleWebKit/537.36 (KHTML, like Gecko) Chrome/56.0.2924.87 Safari/537.36 
2017-02-11 13:48:48,544 [  63488]   INFO - org.jetbrains.io.BuiltInServer - web server stopped 
2017-02-11 13:48:48,544 [  63488]   INFO - Types.impl.FileTypeManagerImpl - FileTypeManager: 0 auto-detected files
Elapsed time on auto-detect: 0 ms 
2017-02-11 13:48:48,556 [  63500]   INFO - stubs.SerializationManagerImpl - START StubSerializationManager SHUTDOWN 
2017-02-11 13:48:48,558 [  63502]   INFO - stubs.SerializationManagerImpl - END StubSerializationManager SHUTDOWN 
2017-02-11 13:48:48,558 [  63502]   INFO - il.indexing.FileBasedIndexImpl - START INDEX SHUTDOWN 
2017-02-11 13:48:48,596 [  63540]   INFO - il.indexing.FileBasedIndexImpl - END INDEX SHUTDOWN 
2017-02-11 13:48:48,601 [  63545]   INFO - pl.local.NativeFileWatcherImpl - Watcher terminated with exit code 0 
2017-02-11 13:48:48,601 [  63545]   INFO - newvfs.persistent.PersistentFS - VFS dispose started 
2017-02-11 13:48:48,605 [  63549]   INFO - newvfs.persistent.PersistentFS - VFS dispose completed 
2017-02-11 13:48:48,621 [  63565]   INFO -        #com.intellij.idea.Main - ------------------------------------------------------ IDE SHUTDOWN ------------------------------------------------------ 
2017-02-11 13:48:48,624 [  63568]   INFO - org.jetbrains.io.BuiltInServer - web server stopped 
2017-02-11 13:48:50,853 [      0]   INFO -        #com.intellij.idea.Main - ------------------------------------------------------ IDE STARTED ------------------------------------------------------ 
2017-02-11 13:48:50,881 [     28]   INFO -        #com.intellij.idea.Main - IDE: PhpStorm (build #PS-163.10504.2, 20 Dec 2016 07:50) 
2017-02-11 13:48:50,881 [     28]   INFO -        #com.intellij.idea.Main - OS: Mac OS X (10.11.6, x86_64) 
2017-02-11 13:48:50,881 [     28]   INFO -        #com.intellij.idea.Main - JRE: 1.8.0_112-release-408-b6 (JetBrains s.r.o) 
2017-02-11 13:48:50,881 [     28]   INFO -        #com.intellij.idea.Main - JVM: 25.112-b6 (OpenJDK 64-Bit Server VM) 
2017-02-11 13:48:50,888 [     35]   INFO -        #com.intellij.idea.Main - JVM Args: -Dfile.encoding=UTF-8 -XX:+UseConcMarkSweepGC -XX:SoftRefLRUPolicyMSPerMB=50 -ea -Dsun.io.useCanonCaches=false -Djava.net.preferIPv4Stack=true -XX:+HeapDumpOnOutOfMemoryError -XX:-OmitStackTraceInFastThrow -Xverify:none -XX:ErrorFile=/Users/tomas/java_error_in_phpstorm_%p.log -XX:HeapDumpPath=/Users/tomas/java_error_in_phpstorm.hprof -Xbootclasspath/a:../lib/boot.jar -Xms128m -Xmx750m -XX:ReservedCodeCacheSize=240m -XX:+UseCompressedOops -Djb.vmOptionsFile=/Applications/PhpStorm.app/Contents/bin/phpstorm.vmoptions -Didea.java.redist=jdk-bundled -Didea.home.path=/Applications/PhpStorm.app/Contents -Didea.executable=phpstorm -Didea.platform.prefix=PhpStorm -Didea.paths.selector=PhpStorm2016.3 
2017-02-11 13:48:50,888 [     35]   INFO -        #com.intellij.idea.Main - ext: /Applications/PhpStorm.app/Contents/jdk/Contents/Home/jre/lib/ext: [cldrdata.jar, dnsns.jar, jaccess.jar, jfxrt.jar, localedata.jar, meta-index, nashorn.jar, sunec.jar, sunjce_provider.jar, sunpkcs11.jar, zipfs.jar] 
2017-02-11 13:48:50,888 [     35]   INFO -        #com.intellij.idea.Main - ext: /System/Library/Java/Extensions: [MRJToolkit.jar] 
2017-02-11 13:48:50,888 [     35]   INFO -        #com.intellij.idea.Main - JNU charset: UTF-8 
2017-02-11 13:48:50,900 [     47]   INFO -        #com.intellij.idea.Main - JNA library (64-bit) loaded in 12 ms 
2017-02-11 13:48:50,913 [     60]   INFO -        #com.intellij.idea.Main - initializing environment 
2017-02-11 13:48:50,914 [     61]   INFO - .intellij.util.EnvironmentUtil - loading shell env: /bin/bash -l -i -c '/Applications/PhpStorm.app/Contents/bin/printenv.py' '/private/var/folders/_4/354dntzn3jjbhrdgl1w8blcc0000gn/T/intellij-shell-env.tmp' 
2017-02-11 13:48:50,923 [     70]   INFO -     #com.intellij.util.ui.JBUI - UI scale factor: 1.0 
2017-02-11 13:48:51,030 [    177]   INFO - .intellij.util.EnvironmentUtil - shell environment loaded (13 vars) 
2017-02-11 13:48:51,031 [    178]   INFO - .intellij.util.EnvironmentUtil - LC_CTYPE=en_US.UTF-8 
2017-02-11 13:48:52,436 [   1583]   INFO - llij.ide.plugins.PluginManager - Cannot find optional descriptor js-nashorn-support.xml 
2017-02-11 13:48:52,467 [   1614]   INFO - llij.ide.plugins.PluginManager - Cannot find optional descriptor plugin-intelliLang.xml 
2017-02-11 13:48:52,627 [   1774]   INFO - llij.ide.plugins.PluginManager - Cannot find optional descriptor uml-properties-support.xml 
2017-02-11 13:48:52,628 [   1775]   INFO - llij.ide.plugins.PluginManager - Cannot find optional descriptor uml-java-support.xml 
2017-02-11 13:48:53,091 [   2238]   INFO - llij.ide.plugins.PluginManager - 60 plugins initialized in 1083 ms 
2017-02-11 13:48:53,093 [   2240]   INFO - llij.ide.plugins.PluginManager - Loaded bundled plugins: ASP (0.1), AngularJS (163.10504.2), Apache config (.htaccess) support (999.999), Behat Support (999.999), Blade Support (999.999), CSS Support (163.10504.2), CVS Integration (11), CoffeeScript (2.0), Command Line Tool Support (999.999), Copyright (8.1), Database Tools and SQL (1.0), Docker integration (2.4.1), Drupal Support (999.999), File Watchers (163.10504.2), GNU GetText files support (*.po) (136.SNAPSHOT), Gherkin (999.999), Git Integration (8.1), GitHub (163.10504.2), Google App Engine Support for PHP (999.999), HAML (163.10504.2), HTML Tools (2.0), IDEA CORE (163.10504.2), Ini4Idea (999.999), IntelliLang (8.0), JavaScript Debugger (1.0), JavaScript Intention Power Pack (0.9.4), JavaScript Support (1.0), Joomla! Support (999.999), LESS support (163.10504.2), Markdown support (VERSION), NodeJS (163.10504.2), PHP (999.999), PHP Docker (999.999), PHP Remote Interpreter (999.999), PHPSpec BDD Framework (999.999), Perforce Integration (2.0), Performance Testing (999.999), Phing Support (999.999), QuirksMode (163.10504.2), REST Client (163.10504.2), ReStructuredText Support (136.SNAPSHOT), Refactor-X (2.01), Remote Hosts Access (0.1), SASS support (163.10504.2), SSH Remote Run (0.1), Settings Repository (163.10504.2), Subversion Integration (1.1), Task Management (1.0), Terminal (0.1), TextMate bundles support (163.10504.2), Time Tracking (1.0), Twig Support (999.999), UML Support (1.0), Vagrant (0.6.VERSION), W3C Validators (2.0), WordPress Support (999.999), XPathView + XSLT Support (4), XSLT-Debugger (1.4), YAML (163.10504.2), hg4idea (10.0) 
2017-02-11 13:48:53,461 [   2608]   INFO - ellij.util.io.PagedFileStorage - lower=100; upper=500; buffer=10; max=705 
2017-02-11 13:48:53,476 [   2623]   INFO - pl.local.NativeFileWatcherImpl - Starting file watcher: /Applications/PhpStorm.app/Contents/bin/fsnotifier 
2017-02-11 13:48:53,489 [   2636]   INFO - pl.local.NativeFileWatcherImpl - Native file watcher is operational. 
2017-02-11 13:48:53,528 [   2675]   INFO - pi.util.registry.RegistryState - Registry values changed by user: 
2017-02-11 13:48:53,528 [   2675]   INFO - pi.util.registry.RegistryState -   dumb.aware.run.configurations = true 
2017-02-11 13:48:54,422 [   3569]   INFO - rains.ide.BuiltInServerManager - built-in server started, port 63342 
2017-02-11 13:48:54,480 [   3627]   INFO - gs.impl.UpdateCheckerComponent - channel: release 
2017-02-11 13:48:54,676 [   3823]   INFO - il.indexing.FileBasedIndexImpl - Index exts enumerated:44 
2017-02-11 13:48:54,682 [   3829]   INFO - il.indexing.FileBasedIndexImpl - Index scheduled:5 
2017-02-11 13:48:54,724 [   3871]   INFO - tellij.psi.stubs.StubIndexImpl - All stub exts enumerated:32 
2017-02-11 13:48:54,725 [   3872]   INFO - tellij.psi.stubs.StubIndexImpl - stub exts update scheduled:0 
2017-02-11 13:48:54,768 [   3915]   INFO - j.ide.script.IdeStartupScripts - 0 startup script(s) found 
2017-02-11 13:48:54,935 [   4082]   INFO - plication.impl.ApplicationImpl - 82 application components initialized in 2930ms 
2017-02-11 13:48:54,969 [   4116]   INFO - .intellij.idea.IdeaApplication - App initialization took 4782 ms 
2017-02-11 13:48:55,183 [   4330]   INFO - pl$FileIndexDataInitialization - Initialization done:501 
2017-02-11 13:48:55,369 [   4516]   INFO - exImpl$StubIndexInitialization - Initialization done:186 
2017-02-11 13:48:56,346 [   5493]   INFO - .openapi.application.Preloader - Finished preloading com.intellij.openapi.actionSystem.impl.ActionPreloader@75e43185 
2017-02-11 13:48:56,541 [   5688]   INFO - ellij.project.impl.ProjectImpl - 20 project components initialized in 356 ms 
2017-02-11 13:48:56,544 [   5691]   INFO - le.impl.ModuleManagerComponent - 0 module(s) loaded in 0 ms 
2017-02-11 13:48:57,122 [   6269]   INFO - .openapi.application.Preloader - Finished preloading com.intellij.ide.ui.search.SearchableOptionPreloader@5eb02bf5 
2017-02-11 13:48:57,308 [   6455]   INFO - .openapi.application.Preloader - Finished preloading com.intellij.codeInsight.completion.CompletionPreloader@fd7f929 
2017-02-11 13:48:58,708 [   7855]   INFO - ction.BrowserConnectionManager - Browser connected: version 2.0.9, Mozilla/5.0 (Macintosh; Intel Mac OS X 10_11_6) AppleWebKit/537.36 (KHTML, like Gecko) Chrome/56.0.2924.87 Safari/537.36 
2017-02-11 13:59:12,024 [ 621171]   INFO - org.jetbrains.io.BuiltInServer - web server stopped 
2017-02-11 13:59:12,025 [ 621172]   INFO - Types.impl.FileTypeManagerImpl - FileTypeManager: 0 auto-detected files
Elapsed time on auto-detect: 0 ms 
2017-02-11 13:59:12,031 [ 621178]   INFO - stubs.SerializationManagerImpl - START StubSerializationManager SHUTDOWN 
2017-02-11 13:59:12,033 [ 621180]   INFO - stubs.SerializationManagerImpl - END StubSerializationManager SHUTDOWN 
2017-02-11 13:59:12,033 [ 621180]   INFO - il.indexing.FileBasedIndexImpl - START INDEX SHUTDOWN 
2017-02-11 13:59:12,063 [ 621210]   INFO - il.indexing.FileBasedIndexImpl - END INDEX SHUTDOWN 
2017-02-11 13:59:12,067 [ 621214]   INFO - pl.local.NativeFileWatcherImpl - Watcher terminated with exit code 0 
2017-02-11 13:59:12,067 [ 621214]   INFO - newvfs.persistent.PersistentFS - VFS dispose started 
2017-02-11 13:59:12,068 [ 621215]   INFO - newvfs.persistent.PersistentFS - VFS dispose completed 
2017-02-11 13:59:12,078 [ 621225]   INFO -        #com.intellij.idea.Main - ------------------------------------------------------ IDE SHUTDOWN ------------------------------------------------------ 
2017-02-11 13:59:12,079 [ 621226]   INFO - org.jetbrains.io.BuiltInServer - web server stopped 
2017-02-11 13:59:14,021 [      0]   INFO -        #com.intellij.idea.Main - ------------------------------------------------------ IDE STARTED ------------------------------------------------------ 
2017-02-11 13:59:14,052 [     31]   INFO -        #com.intellij.idea.Main - IDE: PhpStorm (build #PS-163.10504.2, 20 Dec 2016 07:14) 
2017-02-11 13:59:14,052 [     31]   INFO -        #com.intellij.idea.Main - OS: Mac OS X (10.11.6, x86_64) 
2017-02-11 13:59:14,052 [     31]   INFO -        #com.intellij.idea.Main - JRE: 1.8.0_112-release-408-b6 (JetBrains s.r.o) 
2017-02-11 13:59:14,052 [     31]   INFO -        #com.intellij.idea.Main - JVM: 25.112-b6 (OpenJDK 64-Bit Server VM) 
2017-02-11 13:59:14,058 [     37]   INFO -        #com.intellij.idea.Main - JVM Args: -Dfile.encoding=UTF-8 -XX:+UseConcMarkSweepGC -XX:SoftRefLRUPolicyMSPerMB=50 -ea -Dsun.io.useCanonCaches=false -Djava.net.preferIPv4Stack=true -XX:+HeapDumpOnOutOfMemoryError -XX:-OmitStackTraceInFastThrow -Xverify:none -XX:ErrorFile=/Users/tomas/java_error_in_phpstorm_%p.log -XX:HeapDumpPath=/Users/tomas/java_error_in_phpstorm.hprof -Xbootclasspath/a:../lib/boot.jar -Xms128m -Xmx750m -XX:ReservedCodeCacheSize=240m -XX:+UseCompressedOops -Djb.vmOptionsFile=/Applications/PhpStorm.app/Contents/bin/phpstorm.vmoptions -Didea.java.redist=jdk-bundled -Didea.home.path=/Applications/PhpStorm.app/Contents -Didea.executable=phpstorm -Didea.platform.prefix=PhpStorm -Didea.paths.selector=PhpStorm2016.3 
2017-02-11 13:59:14,058 [     37]   INFO -        #com.intellij.idea.Main - ext: /Applications/PhpStorm.app/Contents/jdk/Contents/Home/jre/lib/ext: [cldrdata.jar, dnsns.jar, jaccess.jar, jfxrt.jar, localedata.jar, meta-index, nashorn.jar, sunec.jar, sunjce_provider.jar, sunpkcs11.jar, zipfs.jar] 
2017-02-11 13:59:14,058 [     37]   INFO -        #com.intellij.idea.Main - ext: /System/Library/Java/Extensions: [MRJToolkit.jar] 
2017-02-11 13:59:14,058 [     37]   INFO -        #com.intellij.idea.Main - JNU charset: UTF-8 
2017-02-11 13:59:14,083 [     62]   INFO -        #com.intellij.idea.Main - JNA library (64-bit) loaded in 25 ms 
2017-02-11 13:59:14,095 [     74]   INFO -        #com.intellij.idea.Main - initializing environment 
2017-02-11 13:59:14,095 [     74]   INFO - .intellij.util.EnvironmentUtil - loading shell env: /bin/bash -l -i -c '/Applications/PhpStorm.app/Contents/bin/printenv.py' '/private/var/folders/_4/354dntzn3jjbhrdgl1w8blcc0000gn/T/intellij-shell-env.tmp' 
2017-02-11 13:59:14,104 [     83]   INFO -     #com.intellij.util.ui.JBUI - UI scale factor: 1.0 
2017-02-11 13:59:14,213 [    192]   INFO - .intellij.util.EnvironmentUtil - shell environment loaded (13 vars) 
2017-02-11 13:59:14,213 [    192]   INFO - .intellij.util.EnvironmentUtil - LC_CTYPE=en_US.UTF-8 
2017-02-11 13:59:15,653 [   1632]   INFO - llij.ide.plugins.PluginManager - Cannot find optional descriptor js-nashorn-support.xml 
2017-02-11 13:59:15,672 [   1651]   INFO - llij.ide.plugins.PluginManager - Cannot find optional descriptor plugin-intelliLang.xml 
2017-02-11 13:59:15,801 [   1780]   INFO - llij.ide.plugins.PluginManager - Cannot find optional descriptor uml-properties-support.xml 
2017-02-11 13:59:15,802 [   1781]   INFO - llij.ide.plugins.PluginManager - Cannot find optional descriptor uml-java-support.xml 
2017-02-11 13:59:16,218 [   2197]   INFO - llij.ide.plugins.PluginManager - 69 plugins initialized in 966 ms 
2017-02-11 13:59:16,219 [   2198]   INFO - llij.ide.plugins.PluginManager - Loaded bundled plugins: ASP (0.1), AngularJS (163.10504.2), Apache config (.htaccess) support (999.999), Behat Support (999.999), Blade Support (999.999), CSS Support (163.10504.2), CVS Integration (11), CoffeeScript (2.0), Command Line Tool Support (999.999), Copyright (8.1), Database Tools and SQL (1.0), Docker integration (2.4.1), Drupal Support (999.999), File Watchers (163.10504.2), GNU GetText files support (*.po) (136.SNAPSHOT), Gherkin (999.999), Git Integration (8.1), GitHub (163.10504.2), Google App Engine Support for PHP (999.999), HAML (163.10504.2), HTML Tools (2.0), IDEA CORE (163.10504.2), Ini4Idea (999.999), IntelliLang (8.0), JavaScript Debugger (1.0), JavaScript Intention Power Pack (0.9.4), JavaScript Support (1.0), Joomla! Support (999.999), LESS support (163.10504.2), Markdown support (VERSION), NodeJS (163.10504.2), PHP (999.999), PHP Docker (999.999), PHP Remote Interpreter (999.999), PHPSpec BDD Framework (999.999), Perforce Integration (2.0), Performance Testing (999.999), Phing Support (999.999), QuirksMode (163.10504.2), REST Client (163.10504.2), ReStructuredText Support (136.SNAPSHOT), Refactor-X (2.01), Remote Hosts Access (0.1), SASS support (163.10504.2), SSH Remote Run (0.1), Settings Repository (163.10504.2), Subversion Integration (1.1), Task Management (1.0), Terminal (0.1), TextMate bundles support (163.10504.2), Time Tracking (1.0), Twig Support (999.999), UML Support (1.0), Vagrant (0.6.VERSION), W3C Validators (2.0), WordPress Support (999.999), XPathView + XSLT Support (4), XSLT-Debugger (1.4), YAML (163.10504.2), hg4idea (10.0) 
2017-02-11 13:59:16,219 [   2198]   INFO - llij.ide.plugins.PluginManager - Loaded custom plugins: .ignore (1.7), Bootstrap 3 (2.2.1), Color Ide (2.3), Ember.js (2016.3.5-0), Handlebars/Mustache (163.9167), IdeaVim (0.48), Key promoter (1.0.11), Laravel Plugin (0.13.1), Relative Line Numbers (1.0.1) 
2017-02-11 13:59:16,596 [   2575]   INFO - ellij.util.io.PagedFileStorage - lower=100; upper=500; buffer=10; max=705 
2017-02-11 13:59:16,615 [   2594]   INFO - pl.local.NativeFileWatcherImpl - Starting file watcher: /Applications/PhpStorm.app/Contents/bin/fsnotifier 
2017-02-11 13:59:16,628 [   2607]   INFO - pl.local.NativeFileWatcherImpl - Native file watcher is operational. 
2017-02-11 13:59:16,658 [   2637]   INFO - pi.util.registry.RegistryState - Registry values changed by user: 
2017-02-11 13:59:16,659 [   2638]   INFO - pi.util.registry.RegistryState -   dumb.aware.run.configurations = true 
2017-02-11 13:59:17,554 [   3533]   INFO - rains.ide.BuiltInServerManager - built-in server started, port 63342 
2017-02-11 13:59:17,614 [   3593]   INFO - gs.impl.UpdateCheckerComponent - channel: release 
2017-02-11 13:59:17,816 [   3795]   INFO - il.indexing.FileBasedIndexImpl - Index exts enumerated:80 
2017-02-11 13:59:17,821 [   3800]   INFO - il.indexing.FileBasedIndexImpl - Index scheduled:4 
2017-02-11 13:59:17,833 [   3812]   INFO - .FrameworkDetectorRegistryImpl - New framework detectors: [ESLint, Ember, JSHint] 
2017-02-11 13:59:17,834 [   3813]   INFO - .FrameworkDetectorRegistryImpl - Framework detection index version changed to 1 
2017-02-11 13:59:17,836 [   3815]   INFO - il.indexing.FileBasedIndexImpl - Version has changed for index FrameworkDetectionIndex. The index will be rebuilt. 
2017-02-11 13:59:17,847 [   3826]   INFO - tellij.psi.stubs.StubIndexImpl - All stub exts enumerated:17 
2017-02-11 13:59:17,847 [   3826]   INFO - tellij.psi.stubs.StubIndexImpl - stub exts update scheduled:0 
2017-02-11 13:59:17,880 [   3859]   INFO - j.ide.script.IdeStartupScripts - 0 startup script(s) found 
2017-02-11 13:59:18,021 [   4000]   INFO - il.indexing.FileBasedIndexImpl - Version has changed for index IdIndex. The index will be rebuilt. 
2017-02-11 13:59:18,057 [   4036]   INFO - il.indexing.FileBasedIndexImpl - Version has changed for index filetypes. The index will be rebuilt. 
2017-02-11 13:59:18,298 [   4277]   INFO - ij.psi.stubs.StubUpdatingIndex - requesting complete stub index rebuild due to changes: added file types:Handlebars/Mustache; 
2017-02-11 13:59:18,299 [   4278]   INFO - il.indexing.FileBasedIndexImpl -  
java.io.IOException
	at com.intellij.psi.stubs.StubVersionMap.a(StubVersionMap.java:113)
	at com.intellij.psi.stubs.StubVersionMap.<init>(StubVersionMap.java:64)
	at com.intellij.psi.stubs.StubUpdatingIndex$MyIndex.<init>(StubUpdatingIndex.java:396)
	at com.intellij.psi.stubs.StubUpdatingIndex.createIndexImplementation(StubUpdatingIndex.java:337)
	at com.intellij.util.indexing.FileBasedIndexImpl.a(FileBasedIndexImpl.java:455)
	at com.intellij.util.indexing.FileBasedIndexImpl.a(FileBasedIndexImpl.java:387)
	at com.intellij.util.indexing.FileBasedIndexImpl.a(FileBasedIndexImpl.java:351)
	at com.intellij.util.indexing.FileBasedIndexImpl.access$5300(FileBasedIndexImpl.java:102)
	at com.intellij.util.indexing.FileBasedIndexImpl$FileIndexDataInitialization.a(FileBasedIndexImpl.java:2317)
	at com.intellij.util.indexing.IndexInfrastructure$DataInitialization.b(IndexInfrastructure.java:211)
	at com.intellij.util.indexing.IndexInfrastructure$DataInitialization.a(IndexInfrastructure.java:201)
	at com.intellij.util.indexing.IndexInfrastructure$DataInitialization.call(IndexInfrastructure.java:165)
	at java.util.concurrent.FutureTask.run(FutureTask.java:266)
	at com.intellij.util.concurrency.BoundedTaskExecutor$2.run(BoundedTaskExecutor.java:210)
	at java.util.concurrent.ThreadPoolExecutor.runWorker(ThreadPoolExecutor.java:1142)
	at java.util.concurrent.ThreadPoolExecutor$Worker.run(ThreadPoolExecutor.java:617)
	at java.lang.Thread.run(Thread.java:745)
2017-02-11 13:59:18,466 [   4445]   INFO - ij.psi.stubs.StubUpdatingIndex - Following new file types will be indexed:TypeScript,HTML,JavaScript,SQL,Less,TypeScript JSX,CoffeeScript,Twig,SCSS,htaccess,XML,CSS,ActionScript,JSX Harmony,Sass,Handlebars/Mustache,ECMAScript 6,Literate CoffeeScript,Ini,PHP,Flow 
2017-02-11 13:59:18,512 [   4491]   INFO - il.indexing.FileBasedIndexImpl - Version has changed for index CssIndex. The index will be rebuilt. 
2017-02-11 13:59:18,523 [   4502]   INFO - il.indexing.FileBasedIndexImpl - Version has changed for index css.template.selectors. The index will be rebuilt. 
2017-02-11 13:59:18,716 [   4695]   INFO - pl$FileIndexDataInitialization - Initialization done:895 
2017-02-11 13:59:18,773 [   4752]   WARN -       #com.intellij.util.Alarm - You must provide parent Disposable for non-swing thread Alarm 
java.lang.IllegalArgumentException: You must provide parent Disposable for non-swing thread Alarm
	at com.intellij.util.Alarm.<init>(Alarm.java:141)
	at com.intellij.util.Alarm.<init>(Alarm.java:123)
	at org.jetbrains.contest.keypromoter.KeyPromoter.<init>(KeyPromoter.java:41)
	at sun.reflect.NativeConstructorAccessorImpl.newInstance0(Native Method)
	at sun.reflect.NativeConstructorAccessorImpl.newInstance(NativeConstructorAccessorImpl.java:62)
	at sun.reflect.DelegatingConstructorAccessorImpl.newInstance(DelegatingConstructorAccessorImpl.java:45)
	at java.lang.reflect.Constructor.newInstance(Constructor.java:423)
	at org.picocontainer.defaults.InstantiatingComponentAdapter.newInstance(InstantiatingComponentAdapter.java:193)
	at org.picocontainer.defaults.ConstructorInjectionComponentAdapter$1.run(ConstructorInjectionComponentAdapter.java:220)
	at org.picocontainer.defaults.ThreadLocalCyclicDependencyGuard.observe(ThreadLocalCyclicDependencyGuard.java:53)
	at org.picocontainer.defaults.ConstructorInjectionComponentAdapter.getComponentInstance(ConstructorInjectionComponentAdapter.java:248)
	at com.intellij.util.pico.CachingConstructorInjectionComponentAdapter.getComponentInstance(CachingConstructorInjectionComponentAdapter.java:58)
	at com.intellij.openapi.components.impl.ComponentManagerImpl$ComponentConfigComponentAdapter.getComponentInstance(ComponentManagerImpl.java:478)
	at com.intellij.openapi.components.impl.ComponentManagerImpl.createComponents(ComponentManagerImpl.java:125)
	at com.intellij.openapi.application.impl.ApplicationImpl.a(ApplicationImpl.java:444)
	at com.intellij.openapi.progress.impl.CoreProgressManager$3.run(CoreProgressManager.java:179)
	at com.intellij.openapi.progress.impl.CoreProgressManager.a(CoreProgressManager.java:568)
	at com.intellij.openapi.progress.impl.CoreProgressManager.executeProcessUnderProgress(CoreProgressManager.java:519)
	at com.intellij.openapi.progress.impl.ProgressManagerImpl.executeProcessUnderProgress(ProgressManagerImpl.java:54)
	at com.intellij.openapi.progress.impl.CoreProgressManager.runProcess(CoreProgressManager.java:164)
	at com.intellij.openapi.application.impl.ApplicationImpl.createComponents(ApplicationImpl.java:451)
	at com.intellij.openapi.components.impl.ComponentManagerImpl.init(ComponentManagerImpl.java:109)
	at com.intellij.openapi.application.impl.ApplicationImpl.load(ApplicationImpl.java:403)
	at com.intellij.openapi.application.impl.ApplicationImpl.load(ApplicationImpl.java:389)
	at com.intellij.idea.IdeaApplication.run(IdeaApplication.java:190)
	at sun.reflect.NativeMethodAccessorImpl.invoke0(Native Method)
	at sun.reflect.NativeMethodAccessorImpl.invoke(NativeMethodAccessorImpl.java:62)
	at sun.reflect.DelegatingMethodAccessorImpl.invoke(DelegatingMethodAccessorImpl.java:43)
	at java.lang.reflect.Method.invoke(Method.java:498)
	at com.intellij.idea.MainImpl$1$1.a(MainImpl.java:69)
	at java.awt.event.InvocationEvent.dispatch(InvocationEvent.java:311)
	at java.awt.EventQueue.dispatchEventImpl(EventQueue.java:756)
	at java.awt.EventQueue.access$500(EventQueue.java:97)
	at java.awt.EventQueue$3.run(EventQueue.java:709)
	at java.awt.EventQueue$3.run(EventQueue.java:703)
	at java.security.AccessController.doPrivileged(Native Method)
	at java.security.ProtectionDomain$JavaSecurityAccessImpl.doIntersectionPrivilege(ProtectionDomain.java:80)
	at java.awt.EventQueue.dispatchEvent(EventQueue.java:726)
	at com.intellij.ide.IdeEventQueue.dispatchEvent(IdeEventQueue.java:363)
	at java.awt.EventDispatchThread.pumpOneEventForFilters(EventDispatchThread.java:201)
	at java.awt.EventDispatchThread.pumpEventsForFilter(EventDispatchThread.java:116)
	at java.awt.EventDispatchThread.pumpEventsForHierarchy(EventDispatchThread.java:105)
	at java.awt.EventDispatchThread.pumpEvents(EventDispatchThread.java:101)
	at java.awt.EventDispatchThread.pumpEvents(EventDispatchThread.java:93)
	at java.awt.EventDispatchThread.run(EventDispatchThread.java:82)
2017-02-11 13:59:19,003 [   4982]   INFO - plication.impl.ApplicationImpl - 88 application components initialized in 3753ms 
2017-02-11 13:59:19,025 [   5004]   INFO - .intellij.idea.IdeaApplication - App initialization took 5692 ms 
2017-02-11 13:59:19,466 [   5445]   INFO - exImpl$StubIndexInitialization - Initialization done:750 
2017-02-11 13:59:19,598 [   5577]   INFO - .openapi.application.Preloader - Finished preloading com.intellij.openapi.actionSystem.impl.ActionPreloader@7cb6cff0 
2017-02-11 13:59:20,027 [   6006]  ERROR - llij.ide.plugins.PluginManager - com.intellij.diagnostic.PluginException: Argument for @NotNull parameter 'defaultValue' of com/intellij/util/ObjectUtils.notNull must not be null [Plugin: mobi.hsz.idea.gitignore] 
com.intellij.ide.plugins.PluginManager$StartupAbortedException: com.intellij.diagnostic.PluginException: Argument for @NotNull parameter 'defaultValue' of com/intellij/util/ObjectUtils.notNull must not be null [Plugin: mobi.hsz.idea.gitignore]
	at com.intellij.ide.plugins.PluginManager.handleComponentError(PluginManager.java:249)
	at com.intellij.openapi.components.impl.PlatformComponentManagerImpl.handleInitComponentError(PlatformComponentManagerImpl.java:43)
	at com.intellij.openapi.components.impl.ComponentManagerImpl$ComponentConfigComponentAdapter.getComponentInstance(ComponentManagerImpl.java:519)
	at com.intellij.openapi.components.impl.ComponentManagerImpl.createComponents(ComponentManagerImpl.java:125)
	at com.intellij.openapi.components.impl.ComponentManagerImpl.init(ComponentManagerImpl.java:109)
	at com.intellij.openapi.components.impl.ComponentManagerImpl.init(ComponentManagerImpl.java:96)
	at com.intellij.openapi.project.impl.ProjectImpl.init(ProjectImpl.java:287)
	at com.intellij.openapi.project.impl.ProjectManagerImpl.a(ProjectManagerImpl.java:222)
	at com.intellij.openapi.project.impl.ProjectManagerImpl.a(ProjectManagerImpl.java:280)
	at com.intellij.openapi.progress.impl.CoreProgressManager.a(CoreProgressManager.java:568)
	at com.intellij.openapi.progress.impl.CoreProgressManager.executeProcessUnderProgress(CoreProgressManager.java:519)
	at com.intellij.openapi.progress.impl.ProgressManagerImpl.executeProcessUnderProgress(ProgressManagerImpl.java:54)
	at com.intellij.openapi.progress.impl.CoreProgressManager.executeNonCancelableSection(CoreProgressManager.java:207)
	at com.intellij.openapi.project.impl.ProjectManagerImpl.getDefaultProject(ProjectManagerImpl.java:277)
	at com.intellij.openapi.wm.impl.welcomeScreen.FlatWelcomeFrame.getProject(FlatWelcomeFrame.java:758)
	at com.intellij.openapi.wm.IdeFocusManager.findByComponent(IdeFocusManager.java:206)
	at com.intellij.openapi.wm.IdeFocusManager.findInstanceByComponent(IdeFocusManager.java:197)
	at com.intellij.openapi.wm.IdeFocusManager.findInstance(IdeFocusManager.java:223)
	at com.intellij.ui.messages.JBMacMessages.a(JBMacMessages.java:112)
	at com.intellij.ui.messages.JBMacMessages.showYesNoDialog(JBMacMessages.java:171)
	at com.intellij.openapi.ui.Messages.showYesNoDialog(Messages.java:510)
	at com.maddyhome.idea.vim.VimPlugin.updateState(VimPlugin.java:402)
	at com.maddyhome.idea.vim.VimPlugin.access$000(VimPlugin.java:86)
	at com.maddyhome.idea.vim.VimPlugin$1.run(VimPlugin.java:153)
	at com.intellij.openapi.application.TransactionGuardImpl$6.run(TransactionGuardImpl.java:318)
	at com.intellij.openapi.application.impl.LaterInvocator$FlushQueue.a(LaterInvocator.java:417)
	at com.intellij.openapi.application.impl.LaterInvocator$FlushQueue.run(LaterInvocator.java:401)
	at java.awt.event.InvocationEvent.dispatch(InvocationEvent.java:311)
	at java.awt.EventQueue.dispatchEventImpl(EventQueue.java:756)
	at java.awt.EventQueue.access$500(EventQueue.java:97)
	at java.awt.EventQueue$3.run(EventQueue.java:709)
	at java.awt.EventQueue$3.run(EventQueue.java:703)
	at java.security.AccessController.doPrivileged(Native Method)
	at java.security.ProtectionDomain$JavaSecurityAccessImpl.doIntersectionPrivilege(ProtectionDomain.java:80)
	at java.awt.EventQueue.dispatchEvent(EventQueue.java:726)
	at com.intellij.ide.IdeEventQueue.e(IdeEventQueue.java:843)
	at com.intellij.ide.IdeEventQueue._dispatchEvent(IdeEventQueue.java:679)
	at com.intellij.ide.IdeEventQueue.dispatchEvent(IdeEventQueue.java:391)
	at java.awt.EventDispatchThread.pumpOneEventForFilters(EventDispatchThread.java:201)
	at java.awt.EventDispatchThread.pumpEventsForFilter(EventDispatchThread.java:116)
	at java.awt.EventDispatchThread.pumpEventsForHierarchy(EventDispatchThread.java:105)
	at java.awt.EventDispatchThread.pumpEvents(EventDispatchThread.java:101)
	at java.awt.EventDispatchThread.pumpEvents(EventDispatchThread.java:93)
	at java.awt.EventDispatchThread.run(EventDispatchThread.java:82)
Caused by: com.intellij.diagnostic.PluginException: Argument for @NotNull parameter 'defaultValue' of com/intellij/util/ObjectUtils.notNull must not be null [Plugin: mobi.hsz.idea.gitignore]
	... 44 more
Caused by: java.lang.IllegalArgumentException: Argument for @NotNull parameter 'defaultValue' of com/intellij/util/ObjectUtils.notNull must not be null
	at com.intellij.util.ObjectUtils.notNull(ObjectUtils.java)
	at com.intellij.util.ObjectUtils.notNull(ObjectUtils.java:74)
	at com.intellij.util.ObjectUtils.assertNotNull(ObjectUtils.java:35)
	at com.intellij.dvcs.repo.VcsRepositoryManager.getInstance(VcsRepositoryManager.java:61)
	at mobi.hsz.idea.gitignore.util.CacheMap.<init>(CacheMap.java:142)
	at mobi.hsz.idea.gitignore.IgnoreManager.<init>(IgnoreManager.java:282)
	at sun.reflect.NativeConstructorAccessorImpl.newInstance0(Native Method)
	at sun.reflect.NativeConstructorAccessorImpl.newInstance(NativeConstructorAccessorImpl.java:62)
	at sun.reflect.DelegatingConstructorAccessorImpl.newInstance(DelegatingConstructorAccessorImpl.java:45)
	at java.lang.reflect.Constructor.newInstance(Constructor.java:423)
	at org.picocontainer.defaults.InstantiatingComponentAdapter.newInstance(InstantiatingComponentAdapter.java:193)
	at org.picocontainer.defaults.ConstructorInjectionComponentAdapter$1.run(ConstructorInjectionComponentAdapter.java:220)
	at org.picocontainer.defaults.ThreadLocalCyclicDependencyGuard.observe(ThreadLocalCyclicDependencyGuard.java:53)
	at org.picocontainer.defaults.ConstructorInjectionComponentAdapter.getComponentInstance(ConstructorInjectionComponentAdapter.java:248)
	at com.intellij.util.pico.CachingConstructorInjectionComponentAdapter.getComponentInstance(CachingConstructorInjectionComponentAdapter.java:58)
	at com.intellij.openapi.components.impl.ComponentManagerImpl$ComponentConfigComponentAdapter.getComponentInstance(ComponentManagerImpl.java:478)
	... 41 more
2017-02-11 13:59:20,029 [   6008]  ERROR - llij.ide.plugins.PluginManager - PhpStorm 2016.3.2  Build #PS-163.10504.2 
2017-02-11 13:59:20,030 [   6009]  ERROR - llij.ide.plugins.PluginManager - JDK: 1.8.0_112-release 
2017-02-11 13:59:20,030 [   6009]  ERROR - llij.ide.plugins.PluginManager - VM: OpenJDK 64-Bit Server VM 
2017-02-11 13:59:20,030 [   6009]  ERROR - llij.ide.plugins.PluginManager - Vendor: JetBrains s.r.o 
2017-02-11 13:59:20,030 [   6009]  ERROR - llij.ide.plugins.PluginManager - OS: Mac OS X 
2017-02-11 13:59:20,030 [   6009]  ERROR - llij.ide.plugins.PluginManager - Last Action:  
2017-02-11 13:59:20,961 [   6940]   INFO - .openapi.application.Preloader - Finished preloading com.intellij.ide.ui.search.SearchableOptionPreloader@5b012089 
2017-02-11 13:59:21,159 [   7138]   INFO - .openapi.application.Preloader - Finished preloading com.intellij.codeInsight.completion.CompletionPreloader@45ee5f4c 
2017-02-11 13:59:22,165 [   8144]   INFO - ction.BrowserConnectionManager - Browser connected: version 2.0.9, Mozilla/5.0 (Macintosh; Intel Mac OS X 10_11_6) AppleWebKit/537.36 (KHTML, like Gecko) Chrome/56.0.2924.87 Safari/537.36 
2017-02-11 14:54:48,077 [      0]   INFO -        #com.intellij.idea.Main - ------------------------------------------------------ IDE STARTED ------------------------------------------------------ 
2017-02-11 14:54:48,136 [     59]   INFO -        #com.intellij.idea.Main - IDE: PhpStorm (build #PS-163.10504.2, 20 Dec 2016 07:48) 
2017-02-11 14:54:48,136 [     59]   INFO -        #com.intellij.idea.Main - OS: Mac OS X (10.11.6, x86_64) 
2017-02-11 14:54:48,136 [     59]   INFO -        #com.intellij.idea.Main - JRE: 1.8.0_112-release-408-b6 (JetBrains s.r.o) 
2017-02-11 14:54:48,136 [     59]   INFO -        #com.intellij.idea.Main - JVM: 25.112-b6 (OpenJDK 64-Bit Server VM) 
2017-02-11 14:54:48,146 [     69]   INFO -        #com.intellij.idea.Main - JVM Args: -Dfile.encoding=UTF-8 -XX:+UseConcMarkSweepGC -XX:SoftRefLRUPolicyMSPerMB=50 -ea -Dsun.io.useCanonCaches=false -Djava.net.preferIPv4Stack=true -XX:+HeapDumpOnOutOfMemoryError -XX:-OmitStackTraceInFastThrow -Xverify:none -XX:ErrorFile=/Users/tomas/java_error_in_phpstorm_%p.log -XX:HeapDumpPath=/Users/tomas/java_error_in_phpstorm.hprof -Xbootclasspath/a:../lib/boot.jar -Xms128m -Xmx750m -XX:ReservedCodeCacheSize=240m -XX:+UseCompressedOops -Djb.vmOptionsFile=/Applications/PhpStorm.app/Contents/bin/phpstorm.vmoptions -Didea.java.redist=jdk-bundled -Didea.home.path=/Applications/PhpStorm.app/Contents -Didea.executable=phpstorm -Didea.platform.prefix=PhpStorm -Didea.paths.selector=PhpStorm2016.3 
2017-02-11 14:54:48,146 [     69]   INFO -        #com.intellij.idea.Main - ext: /Applications/PhpStorm.app/Contents/jdk/Contents/Home/jre/lib/ext: [cldrdata.jar, dnsns.jar, jaccess.jar, jfxrt.jar, localedata.jar, meta-index, nashorn.jar, sunec.jar, sunjce_provider.jar, sunpkcs11.jar, zipfs.jar] 
2017-02-11 14:54:48,147 [     70]   INFO -        #com.intellij.idea.Main - ext: /System/Library/Java/Extensions: [MRJToolkit.jar] 
2017-02-11 14:54:48,147 [     70]   INFO -        #com.intellij.idea.Main - JNU charset: UTF-8 
2017-02-11 14:54:48,167 [     90]   INFO -        #com.intellij.idea.Main - JNA library (64-bit) loaded in 20 ms 
2017-02-11 14:54:48,203 [    126]   INFO -        #com.intellij.idea.Main - initializing environment 
2017-02-11 14:54:48,204 [    127]   INFO - .intellij.util.EnvironmentUtil - loading shell env: /bin/bash -l -i -c '/Applications/PhpStorm.app/Contents/bin/printenv.py' '/private/var/folders/_4/354dntzn3jjbhrdgl1w8blcc0000gn/T/intellij-shell-env.tmp' 
2017-02-11 14:54:48,220 [    143]   INFO -     #com.intellij.util.ui.JBUI - UI scale factor: 1.0 
2017-02-11 14:54:48,429 [    352]   INFO - .intellij.util.EnvironmentUtil - shell environment loaded (13 vars) 
2017-02-11 14:54:48,430 [    353]   INFO - .intellij.util.EnvironmentUtil - LC_CTYPE=en_US.UTF-8 
2017-02-11 14:54:50,827 [   2750]   INFO - llij.ide.plugins.PluginManager - Cannot find optional descriptor js-nashorn-support.xml 
2017-02-11 14:54:50,860 [   2783]   INFO - llij.ide.plugins.PluginManager - Cannot find optional descriptor plugin-intelliLang.xml 
2017-02-11 14:54:51,088 [   3011]   INFO - llij.ide.plugins.PluginManager - Cannot find optional descriptor uml-java-support.xml 
2017-02-11 14:54:51,090 [   3013]   INFO - llij.ide.plugins.PluginManager - Cannot find optional descriptor uml-properties-support.xml 
2017-02-11 14:54:51,652 [   3575]   INFO - llij.ide.plugins.PluginManager - 69 plugins initialized in 1546 ms 
2017-02-11 14:54:51,675 [   3598]   INFO - llij.ide.plugins.PluginManager - Loaded bundled plugins: ASP (0.1), AngularJS (163.10504.2), Apache config (.htaccess) support (999.999), Behat Support (999.999), Blade Support (999.999), CSS Support (163.10504.2), CVS Integration (11), CoffeeScript (2.0), Command Line Tool Support (999.999), Copyright (8.1), Database Tools and SQL (1.0), Docker integration (2.4.1), Drupal Support (999.999), File Watchers (163.10504.2), GNU GetText files support (*.po) (136.SNAPSHOT), Gherkin (999.999), Git Integration (8.1), GitHub (163.10504.2), Google App Engine Support for PHP (999.999), HAML (163.10504.2), HTML Tools (2.0), IDEA CORE (163.10504.2), Ini4Idea (999.999), IntelliLang (8.0), JavaScript Debugger (1.0), JavaScript Intention Power Pack (0.9.4), JavaScript Support (1.0), Joomla! Support (999.999), LESS support (163.10504.2), Markdown support (VERSION), NodeJS (163.10504.2), PHP (999.999), PHP Docker (999.999), PHP Remote Interpreter (999.999), PHPSpec BDD Framework (999.999), Perforce Integration (2.0), Performance Testing (999.999), Phing Support (999.999), QuirksMode (163.10504.2), REST Client (163.10504.2), ReStructuredText Support (136.SNAPSHOT), Refactor-X (2.01), Remote Hosts Access (0.1), SASS support (163.10504.2), SSH Remote Run (0.1), Settings Repository (163.10504.2), Subversion Integration (1.1), Task Management (1.0), Terminal (0.1), TextMate bundles support (163.10504.2), Time Tracking (1.0), Twig Support (999.999), UML Support (1.0), Vagrant (0.6.VERSION), W3C Validators (2.0), WordPress Support (999.999), XPathView + XSLT Support (4), XSLT-Debugger (1.4), YAML (163.10504.2), hg4idea (10.0) 
2017-02-11 14:54:51,676 [   3599]   INFO - llij.ide.plugins.PluginManager - Loaded custom plugins: .ignore (1.7), Bootstrap 3 (2.2.1), Color Ide (2.3), Ember.js (2016.3.5-0), Handlebars/Mustache (163.9167), IdeaVim (0.48), Key promoter (1.0.11), Laravel Plugin (0.13.1), Relative Line Numbers (1.0.1) 
2017-02-11 14:54:52,251 [   4174]   INFO - ellij.util.io.PagedFileStorage - lower=100; upper=500; buffer=10; max=705 
2017-02-11 14:54:52,283 [   4206]   INFO - pl.local.NativeFileWatcherImpl - Starting file watcher: /Applications/PhpStorm.app/Contents/bin/fsnotifier 
2017-02-11 14:54:52,301 [   4224]   INFO - pl.local.NativeFileWatcherImpl - Native file watcher is operational. 
2017-02-11 14:54:52,372 [   4295]   INFO - pi.util.registry.RegistryState - Registry values changed by user: 
2017-02-11 14:54:52,372 [   4295]   INFO - pi.util.registry.RegistryState -   dumb.aware.run.configurations = true 
2017-02-11 14:54:53,961 [   5884]   INFO - rains.ide.BuiltInServerManager - built-in server started, port 63342 
2017-02-11 14:54:54,041 [   5964]   INFO - gs.impl.UpdateCheckerComponent - channel: release 
2017-02-11 14:54:54,338 [   6261]   INFO - il.indexing.FileBasedIndexImpl - Index exts enumerated:180 
2017-02-11 14:54:54,355 [   6278]   INFO - il.indexing.FileBasedIndexImpl - Index scheduled:16 
2017-02-11 14:54:54,428 [   6351]   INFO - tellij.psi.stubs.StubIndexImpl - All stub exts enumerated:41 
2017-02-11 14:54:54,433 [   6356]   INFO - tellij.psi.stubs.StubIndexImpl - stub exts update scheduled:5 
2017-02-11 14:54:54,571 [   6494]   INFO - j.ide.script.IdeStartupScripts - 0 startup script(s) found 
2017-02-11 14:54:54,897 [   6820]   INFO - ij.psi.stubs.StubUpdatingIndex - Following new file types will be indexed:SQL,HTML,Flow,CSS,Sass,Handlebars/Mustache,TypeScript,Literate CoffeeScript,XML,Ini,TypeScript JSX,ActionScript,CoffeeScript,ECMAScript 6,PHP,JSX Harmony,SCSS,Twig,Less,JavaScript,htaccess 
2017-02-11 14:54:55,476 [   7399]   INFO - pl$FileIndexDataInitialization - Initialization done:1120 
2017-02-11 14:54:55,913 [   7836]   INFO - exImpl$StubIndexInitialization - Initialization done:437 
2017-02-11 14:54:56,093 [   8016]   WARN -       #com.intellij.util.Alarm - You must provide parent Disposable for non-swing thread Alarm 
java.lang.IllegalArgumentException: You must provide parent Disposable for non-swing thread Alarm
	at com.intellij.util.Alarm.<init>(Alarm.java:141)
	at com.intellij.util.Alarm.<init>(Alarm.java:123)
	at org.jetbrains.contest.keypromoter.KeyPromoter.<init>(KeyPromoter.java:41)
	at sun.reflect.NativeConstructorAccessorImpl.newInstance0(Native Method)
	at sun.reflect.NativeConstructorAccessorImpl.newInstance(NativeConstructorAccessorImpl.java:62)
	at sun.reflect.DelegatingConstructorAccessorImpl.newInstance(DelegatingConstructorAccessorImpl.java:45)
	at java.lang.reflect.Constructor.newInstance(Constructor.java:423)
	at org.picocontainer.defaults.InstantiatingComponentAdapter.newInstance(InstantiatingComponentAdapter.java:193)
	at org.picocontainer.defaults.ConstructorInjectionComponentAdapter$1.run(ConstructorInjectionComponentAdapter.java:220)
	at org.picocontainer.defaults.ThreadLocalCyclicDependencyGuard.observe(ThreadLocalCyclicDependencyGuard.java:53)
	at org.picocontainer.defaults.ConstructorInjectionComponentAdapter.getComponentInstance(ConstructorInjectionComponentAdapter.java:248)
	at com.intellij.util.pico.CachingConstructorInjectionComponentAdapter.getComponentInstance(CachingConstructorInjectionComponentAdapter.java:58)
	at com.intellij.openapi.components.impl.ComponentManagerImpl$ComponentConfigComponentAdapter.getComponentInstance(ComponentManagerImpl.java:478)
	at com.intellij.openapi.components.impl.ComponentManagerImpl.createComponents(ComponentManagerImpl.java:125)
	at com.intellij.openapi.application.impl.ApplicationImpl.a(ApplicationImpl.java:444)
	at com.intellij.openapi.progress.impl.CoreProgressManager$3.run(CoreProgressManager.java:179)
	at com.intellij.openapi.progress.impl.CoreProgressManager.a(CoreProgressManager.java:568)
	at com.intellij.openapi.progress.impl.CoreProgressManager.executeProcessUnderProgress(CoreProgressManager.java:519)
	at com.intellij.openapi.progress.impl.ProgressManagerImpl.executeProcessUnderProgress(ProgressManagerImpl.java:54)
	at com.intellij.openapi.progress.impl.CoreProgressManager.runProcess(CoreProgressManager.java:164)
	at com.intellij.openapi.application.impl.ApplicationImpl.createComponents(ApplicationImpl.java:451)
	at com.intellij.openapi.components.impl.ComponentManagerImpl.init(ComponentManagerImpl.java:109)
	at com.intellij.openapi.application.impl.ApplicationImpl.load(ApplicationImpl.java:403)
	at com.intellij.openapi.application.impl.ApplicationImpl.load(ApplicationImpl.java:389)
	at com.intellij.idea.IdeaApplication.run(IdeaApplication.java:190)
	at sun.reflect.NativeMethodAccessorImpl.invoke0(Native Method)
	at sun.reflect.NativeMethodAccessorImpl.invoke(NativeMethodAccessorImpl.java:62)
	at sun.reflect.DelegatingMethodAccessorImpl.invoke(DelegatingMethodAccessorImpl.java:43)
	at java.lang.reflect.Method.invoke(Method.java:498)
	at com.intellij.idea.MainImpl$1$1.a(MainImpl.java:69)
	at java.awt.event.InvocationEvent.dispatch(InvocationEvent.java:311)
	at java.awt.EventQueue.dispatchEventImpl(EventQueue.java:756)
	at java.awt.EventQueue.access$500(EventQueue.java:97)
	at java.awt.EventQueue$3.run(EventQueue.java:709)
	at java.awt.EventQueue$3.run(EventQueue.java:703)
	at java.security.AccessController.doPrivileged(Native Method)
	at java.security.ProtectionDomain$JavaSecurityAccessImpl.doIntersectionPrivilege(ProtectionDomain.java:80)
	at java.awt.EventQueue.dispatchEvent(EventQueue.java:726)
	at com.intellij.ide.IdeEventQueue.dispatchEvent(IdeEventQueue.java:363)
	at java.awt.EventDispatchThread.pumpOneEventForFilters(EventDispatchThread.java:201)
	at java.awt.EventDispatchThread.pumpEventsForFilter(EventDispatchThread.java:116)
	at java.awt.EventDispatchThread.pumpEventsForHierarchy(EventDispatchThread.java:105)
	at java.awt.EventDispatchThread.pumpEvents(EventDispatchThread.java:101)
	at java.awt.EventDispatchThread.pumpEvents(EventDispatchThread.java:93)
	at java.awt.EventDispatchThread.run(EventDispatchThread.java:82)
2017-02-11 14:54:56,409 [   8332]   INFO - plication.impl.ApplicationImpl - 88 application components initialized in 6306ms 
2017-02-11 14:54:56,435 [   8358]   INFO - .intellij.idea.IdeaApplication - App initialization took 9464 ms 
2017-02-11 14:54:56,973 [   8896]   INFO - .openapi.application.Preloader - Finished preloading com.intellij.openapi.actionSystem.impl.ActionPreloader@482cd980 
2017-02-11 14:54:57,367 [   9290]   INFO - ction.BrowserConnectionManager - Browser connected: version 2.0.9, Mozilla/5.0 (Macintosh; Intel Mac OS X 10_11_6) AppleWebKit/537.36 (KHTML, like Gecko) Chrome/56.0.2924.87 Safari/537.36 
2017-02-11 14:54:58,040 [   9963]  ERROR - llij.ide.plugins.PluginManager - com.intellij.diagnostic.PluginException: Argument for @NotNull parameter 'defaultValue' of com/intellij/util/ObjectUtils.notNull must not be null [Plugin: mobi.hsz.idea.gitignore] 
com.intellij.ide.plugins.PluginManager$StartupAbortedException: com.intellij.diagnostic.PluginException: Argument for @NotNull parameter 'defaultValue' of com/intellij/util/ObjectUtils.notNull must not be null [Plugin: mobi.hsz.idea.gitignore]
	at com.intellij.ide.plugins.PluginManager.handleComponentError(PluginManager.java:249)
	at com.intellij.openapi.components.impl.PlatformComponentManagerImpl.handleInitComponentError(PlatformComponentManagerImpl.java:43)
	at com.intellij.openapi.components.impl.ComponentManagerImpl$ComponentConfigComponentAdapter.getComponentInstance(ComponentManagerImpl.java:519)
	at com.intellij.openapi.components.impl.ComponentManagerImpl.createComponents(ComponentManagerImpl.java:125)
	at com.intellij.openapi.components.impl.ComponentManagerImpl.init(ComponentManagerImpl.java:109)
	at com.intellij.openapi.components.impl.ComponentManagerImpl.init(ComponentManagerImpl.java:96)
	at com.intellij.openapi.project.impl.ProjectImpl.init(ProjectImpl.java:287)
	at com.intellij.openapi.project.impl.ProjectManagerImpl.a(ProjectManagerImpl.java:222)
	at com.intellij.openapi.project.impl.ProjectManagerImpl.a(ProjectManagerImpl.java:280)
	at com.intellij.openapi.progress.impl.CoreProgressManager.a(CoreProgressManager.java:568)
	at com.intellij.openapi.progress.impl.CoreProgressManager.executeProcessUnderProgress(CoreProgressManager.java:519)
	at com.intellij.openapi.progress.impl.ProgressManagerImpl.executeProcessUnderProgress(ProgressManagerImpl.java:54)
	at com.intellij.openapi.progress.impl.CoreProgressManager.executeNonCancelableSection(CoreProgressManager.java:207)
	at com.intellij.openapi.project.impl.ProjectManagerImpl.getDefaultProject(ProjectManagerImpl.java:277)
	at com.intellij.openapi.wm.impl.welcomeScreen.FlatWelcomeFrame.getProject(FlatWelcomeFrame.java:758)
	at com.intellij.openapi.application.ClipboardAnalyzeListener.a(ClipboardAnalyzeListener.java:37)
	at com.intellij.util.concurrency.QueueProcessor.runSafely(QueueProcessor.java:223)
	at com.intellij.util.Alarm$Request$1.run(Alarm.java:387)
	at com.intellij.openapi.application.TransactionGuardImpl$6.run(TransactionGuardImpl.java:318)
	at com.intellij.openapi.application.impl.LaterInvocator$FlushQueue.a(LaterInvocator.java:417)
	at com.intellij.openapi.application.impl.LaterInvocator$FlushQueue.run(LaterInvocator.java:401)
	at java.awt.event.InvocationEvent.dispatch(InvocationEvent.java:311)
	at java.awt.EventQueue.dispatchEventImpl(EventQueue.java:756)
	at java.awt.EventQueue.access$500(EventQueue.java:97)
	at java.awt.EventQueue$3.run(EventQueue.java:709)
	at java.awt.EventQueue$3.run(EventQueue.java:703)
	at java.security.AccessController.doPrivileged(Native Method)
	at java.security.ProtectionDomain$JavaSecurityAccessImpl.doIntersectionPrivilege(ProtectionDomain.java:80)
	at java.awt.EventQueue.dispatchEvent(EventQueue.java:726)
	at com.intellij.ide.IdeEventQueue.e(IdeEventQueue.java:843)
	at com.intellij.ide.IdeEventQueue._dispatchEvent(IdeEventQueue.java:679)
	at com.intellij.ide.IdeEventQueue.dispatchEvent(IdeEventQueue.java:391)
	at java.awt.EventDispatchThread.pumpOneEventForFilters(EventDispatchThread.java:201)
	at java.awt.EventDispatchThread.pumpEventsForFilter(EventDispatchThread.java:116)
	at java.awt.EventDispatchThread.pumpEventsForHierarchy(EventDispatchThread.java:105)
	at java.awt.EventDispatchThread.pumpEvents(EventDispatchThread.java:101)
	at java.awt.EventDispatchThread.pumpEvents(EventDispatchThread.java:93)
	at java.awt.EventDispatchThread.run(EventDispatchThread.java:82)
Caused by: com.intellij.diagnostic.PluginException: Argument for @NotNull parameter 'defaultValue' of com/intellij/util/ObjectUtils.notNull must not be null [Plugin: mobi.hsz.idea.gitignore]
	... 38 more
Caused by: java.lang.IllegalArgumentException: Argument for @NotNull parameter 'defaultValue' of com/intellij/util/ObjectUtils.notNull must not be null
	at com.intellij.util.ObjectUtils.notNull(ObjectUtils.java)
	at com.intellij.util.ObjectUtils.notNull(ObjectUtils.java:74)
	at com.intellij.util.ObjectUtils.assertNotNull(ObjectUtils.java:35)
	at com.intellij.dvcs.repo.VcsRepositoryManager.getInstance(VcsRepositoryManager.java:61)
	at mobi.hsz.idea.gitignore.util.CacheMap.<init>(CacheMap.java:142)
	at mobi.hsz.idea.gitignore.IgnoreManager.<init>(IgnoreManager.java:282)
	at sun.reflect.NativeConstructorAccessorImpl.newInstance0(Native Method)
	at sun.reflect.NativeConstructorAccessorImpl.newInstance(NativeConstructorAccessorImpl.java:62)
	at sun.reflect.DelegatingConstructorAccessorImpl.newInstance(DelegatingConstructorAccessorImpl.java:45)
	at java.lang.reflect.Constructor.newInstance(Constructor.java:423)
	at org.picocontainer.defaults.InstantiatingComponentAdapter.newInstance(InstantiatingComponentAdapter.java:193)
	at org.picocontainer.defaults.ConstructorInjectionComponentAdapter$1.run(ConstructorInjectionComponentAdapter.java:220)
	at org.picocontainer.defaults.ThreadLocalCyclicDependencyGuard.observe(ThreadLocalCyclicDependencyGuard.java:53)
	at org.picocontainer.defaults.ConstructorInjectionComponentAdapter.getComponentInstance(ConstructorInjectionComponentAdapter.java:248)
	at com.intellij.util.pico.CachingConstructorInjectionComponentAdapter.getComponentInstance(CachingConstructorInjectionComponentAdapter.java:58)
	at com.intellij.openapi.components.impl.ComponentManagerImpl$ComponentConfigComponentAdapter.getComponentInstance(ComponentManagerImpl.java:478)
	... 35 more
2017-02-11 14:54:58,042 [   9965]  ERROR - llij.ide.plugins.PluginManager - PhpStorm 2016.3.2  Build #PS-163.10504.2 
2017-02-11 14:54:58,042 [   9965]  ERROR - llij.ide.plugins.PluginManager - JDK: 1.8.0_112-release 
2017-02-11 14:54:58,043 [   9966]  ERROR - llij.ide.plugins.PluginManager - VM: OpenJDK 64-Bit Server VM 
2017-02-11 14:54:58,043 [   9966]  ERROR - llij.ide.plugins.PluginManager - Vendor: JetBrains s.r.o 
2017-02-11 14:54:58,043 [   9966]  ERROR - llij.ide.plugins.PluginManager - OS: Mac OS X 
2017-02-11 14:54:58,043 [   9966]  ERROR - llij.ide.plugins.PluginManager - Last Action:  
2017-02-11 14:54:59,283 [  11206]   INFO - .openapi.application.Preloader - Finished preloading com.intellij.ide.ui.search.SearchableOptionPreloader@9cb41f8 
2017-02-11 14:54:59,581 [  11504]   INFO - .openapi.application.Preloader - Finished preloading com.intellij.codeInsight.completion.CompletionPreloader@6faa8978 
2017-02-11 14:55:46,182 [  58105]   INFO - org.jetbrains.io.BuiltInServer - web server stopped 
2017-02-11 14:55:46,189 [  58112]   INFO - Types.impl.FileTypeManagerImpl - FileTypeManager: 0 auto-detected files
Elapsed time on auto-detect: 0 ms 
2017-02-11 14:55:46,206 [  58129]   INFO - stubs.SerializationManagerImpl - START StubSerializationManager SHUTDOWN 
2017-02-11 14:55:46,208 [  58131]   INFO - stubs.SerializationManagerImpl - END StubSerializationManager SHUTDOWN 
2017-02-11 14:55:46,208 [  58131]   INFO - il.indexing.FileBasedIndexImpl - START INDEX SHUTDOWN 
2017-02-11 14:55:46,256 [  58179]   INFO - il.indexing.FileBasedIndexImpl - END INDEX SHUTDOWN 
2017-02-11 14:55:46,265 [  58188]   INFO - pl.local.NativeFileWatcherImpl - Watcher terminated with exit code 0 
2017-02-11 14:55:46,265 [  58188]   INFO - newvfs.persistent.PersistentFS - VFS dispose started 
2017-02-11 14:55:46,268 [  58191]   INFO - newvfs.persistent.PersistentFS - VFS dispose completed 
2017-02-11 14:55:46,274 [  58197]   INFO - org.jetbrains.io.BuiltInServer - web server stopped 
2017-02-11 14:55:46,274 [  58197]   INFO -        #com.intellij.idea.Main - ------------------------------------------------------ IDE SHUTDOWN ------------------------------------------------------ 
